<?xml version="1.0" encoding="UTF-8"?>
<testng-results skipped="0" failed="0" total="1" passed="1">
  <reporter-output>
  </reporter-output>
  <suite name="Surefire suite" duration-ms="15459" started-at="2019-03-18T07:15:45Z" finished-at="2019-03-18T07:16:01Z">
    <groups>
    </groups>
    <test name="Surefire test" duration-ms="15459" started-at="2019-03-18T07:15:45Z" finished-at="2019-03-18T07:16:01Z">
      <class name="Taxi2EmailTest.EmailTest">
        <test-method status="PASS" signature="Taxi2Airport()[pri:0, instance:Taxi2EmailTest.EmailTest@1d251891]" name="Taxi2Airport" duration-ms="15449" started-at="2019-03-18T12:45:45Z" finished-at="2019-03-18T12:46:01Z">
          <reporter-output>
          </reporter-output>
        </test-method> <!-- Taxi2Airport -->
      </class> <!-- Taxi2EmailTest.EmailTest -->
    </test> <!-- Surefire test -->
  </suite> <!-- Surefire suite -->
</testng-results>
