<?xml version="1.0" encoding="UTF-8"?>
<testng-results skipped="0" failed="0" total="1" passed="1">
  <reporter-output>
  </reporter-output>
  <suite name="Default suite" duration-ms="16919" started-at="2019-03-18T07:03:56Z" finished-at="2019-03-18T07:04:13Z">
    <groups>
    </groups>
    <test name="Default test" duration-ms="16919" started-at="2019-03-18T07:03:56Z" finished-at="2019-03-18T07:04:13Z">
      <class name="Taxi2EmailTest.EmailTest">
        <test-method status="PASS" signature="Taxi2Airport()[pri:0, instance:Taxi2EmailTest.EmailTest@14acaea5]" name="Taxi2Airport" duration-ms="16897" started-at="2019-03-18T12:33:56Z" finished-at="2019-03-18T12:34:13Z">
          <reporter-output>
          </reporter-output>
        </test-method> <!-- Taxi2Airport -->
      </class> <!-- Taxi2EmailTest.EmailTest -->
    </test> <!-- Default test -->
  </suite> <!-- Default suite -->
</testng-results>
